Arguments: 
  /usr/local/Cellar/nvm/0.37.2/versions/node/v16.15.0/bin/node /usr/local/opt/nvm/versions/node/v16.15.0/bin/yarn run lint

PATH: 
  /Users/humble/.sdkman/candidates/java/current/bin:/Users/humble/.rvm/rubies/ruby-2.7.2/bin:/usr/local/opt/nvm/versions/node/v16.15.0/bin:/Users/humble/.rvm/rubies/ruby-2.7.2/bin:/usr/local/opt/icu4c/sbin:/usr/local/opt/icu4c/bin:/usr/local/bin:/usr/bin:/bin:/usr/sbin:/sbin:/Users/humble/.rvm/rubies/ruby-2.7.2/bin:/usr/local/go/bin:/Applications/Privileges.app/Contents/Resources:/Users/humble/.cargo/bin:/Users/humble/.rvm/bin

Yarn version: 
  1.22.18

Node version: 
  16.15.0

Platform: 
  darwin x64

Trace: 
  SyntaxError: /Users/humble/kripa/wally/wallet-connector/package.json: Unexpected token } in JSON at position 352
      at JSON.parse (<anonymous>)
      at /usr/local/Cellar/nvm/0.37.2/versions/node/v16.15.0/lib/node_modules/yarn/lib/cli.js:1625:59
      at Generator.next (<anonymous>)
      at step (/usr/local/Cellar/nvm/0.37.2/versions/node/v16.15.0/lib/node_modules/yarn/lib/cli.js:310:30)
      at /usr/local/Cellar/nvm/0.37.2/versions/node/v16.15.0/lib/node_modules/yarn/lib/cli.js:321:13

npm manifest: 
  {
    "name": "wallet-connector",
    "version": "1.0.0",
    "description": "Connector lib for wallet-api",
    "license": "ISC",
    "author": "",
    "main": "index.js",
    "scripts": {
      "build": "tsc --project .",
      "build:clean": "rimraf dist && yarn build",
      "lint": "eslint . --cache --ext js,ts",
      "lint:fix": "yarn lint:eslint --fix --write",
    },
    "devDependencies": {
      "@typescript-eslint/eslint-plugin": "^4.21.0",
      "@typescript-eslint/parser": "^4.21.0",
      "eslint": "^7.23.0",
      "eslint-config-prettier": "^8.1.0",
      "eslint-plugin-import": "^2.22.1",
      "eslint-plugin-jest": "^24.3.4",
      "eslint-plugin-jsdoc": "^36.1.0",
      "eslint-plugin-node": "^11.1.0",
      "eslint-plugin-prettier": "^3.3.1",
      "jest": "^27.5.1",
      "prettier": "^2.2.1",
      "prettier-plugin-packagejson": "^2.2.11",
      "rimraf": "^3.0.2",
      "ts-jest": "^27.1.4",
      "ts-node": "^10.7.0",
      "typescript": "^4.2.4"
    }
  }

yarn manifest: 
  No manifest

Lockfile: 
  No lockfile
